<?xml version="1.0" encoding="UTF-8"?>
<!-- Generated by org.testng.reporters.JUnitXMLReporter -->
<testsuite hostname="DESKTOP-O5SIUU5" ignored="0" name="Default test" tests="15" failures="0" timestamp="30 Jul 2018 08:48:19 GMT" time="68.723" errors="0">
  <testcase name="setup_server" time="38.687" classname="POM.LoginTest"/>
  <testcase name="LoginTestCase" time="0.373" classname="POM.LoginTest"/>
  <testcase name="JobsFeedTestCase" time="0.101" classname="POM.LoginTest"/>
  <testcase name="ApplicationTestCase" time="0.095" classname="POM.LoginTest"/>
  <testcase name="InterviewTestCase" time="0.525" classname="POM.LoginTest"/>
  <testcase name="OfferTestCase" time="0.188" classname="POM.LoginTest"/>
  <testcase name="JobSearchLocationTestCase" time="2.659" classname="POM.LoginTest"/>
  <testcase name="JobSearchTestCase" time="6.403" classname="POM.LoginTest"/>
  <testcase name="JobSearchpPayTestCase" time="2.096" classname="POM.LoginTest"/>
  <testcase name="TrainingTestCase" time="4.847" classname="POM.LoginTest"/>
  <testcase name="MytTrainingTestCase" time="2.769" classname="POM.LoginTest"/>
  <testcase name="WalletTestCase" time="2.015" classname="POM.LoginTest"/>
  <testcase name="SettingsTestCase" time="2.012" classname="POM.LoginTest"/>
  <testcase name="LogoutTestCase" time="4.016" classname="POM.LoginTest"/>
  <testcase name="ForgetTestCase" time="0.021" classname="POM.LoginTest"/>
</testsuite> <!-- Default test -->
