<?xml version="1.0" encoding="UTF-8"?>
<!-- Generated by org.testng.reporters.JUnitXMLReporter -->
<testsuite hostname="DESKTOP-O5SIUU5" ignored="0" name="Test" tests="14" failures="2" timestamp="20 Apr 2018 08:50:09 GMT" time="293.041" errors="0">
  <testcase name="setup_server" time="35.792" classname="POM.LoginTest"/>
  <testcase name="LoginTestCase" time="44.09" classname="POM.LoginTest">
    <failure type="org.openqa.selenium.NoSuchElementException" message="An element could not be located on the page using the given search parameters. (WARNING: The server did not provide any stacktrace information)
Command duration or timeout: 20.69 seconds
For documentation on this error, please visit: http://seleniumhq.org/exceptions/no_such_element.html
Build info: version: &amp;apos;3.4.0&amp;apos;, revision: &amp;apos;unknown&amp;apos;, time: &amp;apos;unknown&amp;apos;
System info: host: &amp;apos;DESKTOP-O5SIUU5&amp;apos;, ip: &amp;apos;192.168.210.2&amp;apos;, os.name: &amp;apos;Windows 10&amp;apos;, os.arch: &amp;apos;amd64&amp;apos;, os.version: &amp;apos;10.0&amp;apos;, java.version: &amp;apos;1.8.0_144&amp;apos;
Driver info: io.appium.java_client.android.AndroidDriver
Capabilities [{appPackage=co.olivemedia.hihoandroidwebapp, noReset=true, deviceName=10160a5273cd3302, platform=LINUX, deviceUDID=10160a5273cd3302, desired={app=D:\eclipse-workspace\MobileTesting\app\Hiup_2.2.1_65.apk, noReset=true, newCommandTimeout=120.0, unicodeKeyboard=true, platformName=Android, deviceName=192.168.188.102:5555, autoAcceptAlerts=true}, newCommandTimeout=120.0, platformVersion=6.0.1, webStorageEnabled=false, takesScreenshot=true, javascriptEnabled=true, unicodeKeyboard=true, platformName=Android, deviceManufacturer=samsung, app=D:\eclipse-workspace\MobileTesting\app\Hiup_2.2.1_65.apk, deviceScreenSize=1440x2560, networkConnectionEnabled=true, warnings={}, appWaitPackage=co.olivemedia.hihoandroidwebapp, appWaitActivity=co.olivemedia.hihoandroidwebapp.activities.SplashScreenActivity, databaseEnabled=false, appActivity=co.olivemedia.hihoandroidwebapp.activities.SplashScreenActivity, locationContextEnabled=false, deviceModel=SM-G920F, autoAcceptAlerts=true}]
Session ID: ad8a1ba7-5752-4f90-82bc-041be956db09
*** Element info: {Using=id, value=co.olivemedia.hihoandroidwebapp:id/close_login}">
      <![CDATA[org.openqa.selenium.NoSuchElementException: An element could not be located on the page using the given search parameters. (WARNING: The server did not provide any stacktrace information)
Command duration or timeout: 20.69 seconds
For documentation on this error, please visit: http://seleniumhq.org/exceptions/no_such_element.html
Build info: version: '3.4.0', revision: 'unknown', time: 'unknown'
System info: host: 'DESKTOP-O5SIUU5', ip: '192.168.210.2', os.name: 'Windows 10', os.arch: 'amd64', os.version: '10.0', java.version: '1.8.0_144'
Driver info: io.appium.java_client.android.AndroidDriver
Capabilities [{appPackage=co.olivemedia.hihoandroidwebapp, noReset=true, deviceName=10160a5273cd3302, platform=LINUX, deviceUDID=10160a5273cd3302, desired={app=D:\eclipse-workspace\MobileTesting\app\Hiup_2.2.1_65.apk, noReset=true, newCommandTimeout=120.0, unicodeKeyboard=true, platformName=Android, deviceName=192.168.188.102:5555, autoAcceptAlerts=true}, newCommandTimeout=120.0, platformVersion=6.0.1, webStorageEnabled=false, takesScreenshot=true, javascriptEnabled=true, unicodeKeyboard=true, platformName=Android, deviceManufacturer=samsung, app=D:\eclipse-workspace\MobileTesting\app\Hiup_2.2.1_65.apk, deviceScreenSize=1440x2560, networkConnectionEnabled=true, warnings={}, appWaitPackage=co.olivemedia.hihoandroidwebapp, appWaitActivity=co.olivemedia.hihoandroidwebapp.activities.SplashScreenActivity, databaseEnabled=false, appActivity=co.olivemedia.hihoandroidwebapp.activities.SplashScreenActivity, locationContextEnabled=false, deviceModel=SM-G920F, autoAcceptAlerts=true}]
Session ID: ad8a1ba7-5752-4f90-82bc-041be956db09
*** Element info: {Using=id, value=co.olivemedia.hihoandroidwebapp:id/close_login}
	at org.openqa.selenium.remote.ErrorHandler.createThrowable(ErrorHandler.java:215)
	at org.openqa.selenium.remote.ErrorHandler.throwIfResponseFailed(ErrorHandler.java:167)
	at org.openqa.selenium.remote.RemoteWebDriver.execute(RemoteWebDriver.java:671)
	at io.appium.java_client.DefaultGenericMobileDriver.execute(DefaultGenericMobileDriver.java:40)
	at io.appium.java_client.AppiumDriver.execute(AppiumDriver.java:1)
	at io.appium.java_client.android.AndroidDriver.execute(AndroidDriver.java:1)
	at org.openqa.selenium.remote.RemoteWebDriver.findElement(RemoteWebDriver.java:410)
	at io.appium.java_client.DefaultGenericMobileDriver.findElement(DefaultGenericMobileDriver.java:56)
	at io.appium.java_client.AppiumDriver.findElement(AppiumDriver.java:1)
	at io.appium.java_client.android.AndroidDriver.findElement(AndroidDriver.java:1)
	at org.openqa.selenium.remote.RemoteWebDriver.findElementById(RemoteWebDriver.java:453)
	at io.appium.java_client.DefaultGenericMobileDriver.findElementById(DefaultGenericMobileDriver.java:64)
	at io.appium.java_client.AppiumDriver.findElementById(AppiumDriver.java:1)
	at io.appium.java_client.android.AndroidDriver.findElementById(AndroidDriver.java:1)
	at org.openqa.selenium.By$ById.findElement(By.java:218)
	at org.openqa.selenium.remote.RemoteWebDriver.findElement(RemoteWebDriver.java:402)
	at io.appium.java_client.DefaultGenericMobileDriver.findElement(DefaultGenericMobileDriver.java:52)
	at io.appium.java_client.AppiumDriver.findElement(AppiumDriver.java:1)
	at io.appium.java_client.android.AndroidDriver.findElement(AndroidDriver.java:1)
	at POM.Login_Page.clickclose(Login_Page.java:103)
	at POM.LoginTest.LoginTestCase(LoginTest.java:130)
... Removed 29 stack frames]]>
    </failure>
  </testcase> <!-- LoginTestCase -->
  <testcase name="JobsFeedTestCase" time="49.298" classname="POM.LoginTest"/>
  <testcase name="ApplicationTestCase" time="25.279" classname="POM.LoginTest"/>
  <testcase name="InterviewTestCase" time="2.32" classname="POM.LoginTest"/>
  <testcase name="OfferTestCase" time="0.929" classname="POM.LoginTest"/>
  <testcase name="JobSearchLocationTestCase" time="20.709" classname="POM.LoginTest"/>
  <testcase name="JobSearchTestCase" time="98.483" classname="POM.LoginTest"/>
  <testcase name="JobSearchpPayTestCase" time="2.013" classname="POM.LoginTest"/>
  <testcase name="TrainingTestCase" time="4.021" classname="POM.LoginTest"/>
  <testcase name="MytTrainingTestCase" time="2.009" classname="POM.LoginTest"/>
  <testcase name="WalletTestCase" time="2.072" classname="POM.LoginTest"/>
  <testcase name="SettingsTestCase" time="2.009" classname="POM.LoginTest"/>
  <testcase name="ForgetTestCase" time="0.021" classname="POM.LoginTest">
    <failure type="org.openqa.selenium.NoSuchSessionException" message="A session is either terminated or not started (WARNING: The server did not provide any stacktrace information)
Command duration or timeout: 6 milliseconds
Build info: version: &amp;apos;3.4.0&amp;apos;, revision: &amp;apos;unknown&amp;apos;, time: &amp;apos;unknown&amp;apos;
System info: host: &amp;apos;DESKTOP-O5SIUU5&amp;apos;, ip: &amp;apos;192.168.210.2&amp;apos;, os.name: &amp;apos;Windows 10&amp;apos;, os.arch: &amp;apos;amd64&amp;apos;, os.version: &amp;apos;10.0&amp;apos;, java.version: &amp;apos;1.8.0_144&amp;apos;
Driver info: io.appium.java_client.android.AndroidDriver
Capabilities [{appPackage=co.olivemedia.hihoandroidwebapp, noReset=true, deviceName=10160a5273cd3302, platform=LINUX, deviceUDID=10160a5273cd3302, desired={app=D:\eclipse-workspace\MobileTesting\app\Hiup_2.2.1_65.apk, noReset=true, newCommandTimeout=120.0, unicodeKeyboard=true, platformName=Android, deviceName=192.168.188.102:5555, autoAcceptAlerts=true}, newCommandTimeout=120.0, platformVersion=6.0.1, webStorageEnabled=false, takesScreenshot=true, javascriptEnabled=true, unicodeKeyboard=true, platformName=Android, deviceManufacturer=samsung, app=D:\eclipse-workspace\MobileTesting\app\Hiup_2.2.1_65.apk, deviceScreenSize=1440x2560, networkConnectionEnabled=true, warnings={}, appWaitPackage=co.olivemedia.hihoandroidwebapp, appWaitActivity=co.olivemedia.hihoandroidwebapp.activities.SplashScreenActivity, databaseEnabled=false, appActivity=co.olivemedia.hihoandroidwebapp.activities.SplashScreenActivity, locationContextEnabled=false, deviceModel=SM-G920F, autoAcceptAlerts=true}]
Session ID: ad8a1ba7-5752-4f90-82bc-041be956db09
*** Element info: {Using=id, value=co.olivemedia.hihoandroidwebapp:id/close_login}">
      <![CDATA[org.openqa.selenium.NoSuchSessionException: A session is either terminated or not started (WARNING: The server did not provide any stacktrace information)
Command duration or timeout: 6 milliseconds
Build info: version: '3.4.0', revision: 'unknown', time: 'unknown'
System info: host: 'DESKTOP-O5SIUU5', ip: '192.168.210.2', os.name: 'Windows 10', os.arch: 'amd64', os.version: '10.0', java.version: '1.8.0_144'
Driver info: io.appium.java_client.android.AndroidDriver
Capabilities [{appPackage=co.olivemedia.hihoandroidwebapp, noReset=true, deviceName=10160a5273cd3302, platform=LINUX, deviceUDID=10160a5273cd3302, desired={app=D:\eclipse-workspace\MobileTesting\app\Hiup_2.2.1_65.apk, noReset=true, newCommandTimeout=120.0, unicodeKeyboard=true, platformName=Android, deviceName=192.168.188.102:5555, autoAcceptAlerts=true}, newCommandTimeout=120.0, platformVersion=6.0.1, webStorageEnabled=false, takesScreenshot=true, javascriptEnabled=true, unicodeKeyboard=true, platformName=Android, deviceManufacturer=samsung, app=D:\eclipse-workspace\MobileTesting\app\Hiup_2.2.1_65.apk, deviceScreenSize=1440x2560, networkConnectionEnabled=true, warnings={}, appWaitPackage=co.olivemedia.hihoandroidwebapp, appWaitActivity=co.olivemedia.hihoandroidwebapp.activities.SplashScreenActivity, databaseEnabled=false, appActivity=co.olivemedia.hihoandroidwebapp.activities.SplashScreenActivity, locationContextEnabled=false, deviceModel=SM-G920F, autoAcceptAlerts=true}]
Session ID: ad8a1ba7-5752-4f90-82bc-041be956db09
*** Element info: {Using=id, value=co.olivemedia.hihoandroidwebapp:id/close_login}
	at org.openqa.selenium.remote.ErrorHandler.createThrowable(ErrorHandler.java:215)
	at org.openqa.selenium.remote.ErrorHandler.throwIfResponseFailed(ErrorHandler.java:167)
	at org.openqa.selenium.remote.RemoteWebDriver.execute(RemoteWebDriver.java:671)
	at io.appium.java_client.DefaultGenericMobileDriver.execute(DefaultGenericMobileDriver.java:40)
	at io.appium.java_client.AppiumDriver.execute(AppiumDriver.java:1)
	at io.appium.java_client.android.AndroidDriver.execute(AndroidDriver.java:1)
	at org.openqa.selenium.remote.RemoteWebDriver.findElement(RemoteWebDriver.java:410)
	at io.appium.java_client.DefaultGenericMobileDriver.findElement(DefaultGenericMobileDriver.java:56)
	at io.appium.java_client.AppiumDriver.findElement(AppiumDriver.java:1)
	at io.appium.java_client.android.AndroidDriver.findElement(AndroidDriver.java:1)
	at org.openqa.selenium.remote.RemoteWebDriver.findElementById(RemoteWebDriver.java:453)
	at io.appium.java_client.DefaultGenericMobileDriver.findElementById(DefaultGenericMobileDriver.java:64)
	at io.appium.java_client.AppiumDriver.findElementById(AppiumDriver.java:1)
	at io.appium.java_client.android.AndroidDriver.findElementById(AndroidDriver.java:1)
	at org.openqa.selenium.By$ById.findElement(By.java:218)
	at org.openqa.selenium.remote.RemoteWebDriver.findElement(RemoteWebDriver.java:402)
	at io.appium.java_client.DefaultGenericMobileDriver.findElement(DefaultGenericMobileDriver.java:52)
	at io.appium.java_client.AppiumDriver.findElement(AppiumDriver.java:1)
	at io.appium.java_client.android.AndroidDriver.findElement(AndroidDriver.java:1)
	at POM.Forget_Page.clickclose(Forget_Page.java:65)
	at POM.LoginTest.ForgetTestCase(LoginTest.java:207)
... Removed 29 stack frames]]>
    </failure>
  </testcase> <!-- ForgetTestCase -->
</testsuite> <!-- Test -->
