<?xml version="1.0" encoding="UTF-8"?>
<!-- Generated by org.testng.reporters.JUnitXMLReporter -->
<testsuite hostname="DESKTOP-O5SIUU5" ignored="0" name="Testing all HiUp Modules" tests="2" failures="1" timestamp="26 Jul 2018 09:16:06 GMT" time="16.506" errors="0">
  <testcase name="setup_server" time="16.463" classname="POM.hiUpSetUp"/>
  <testcase name="LogoutTestCase" time="0.005" classname="POM.LogOutModuleTest">
    <failure type="java.lang.AssertionError" message="Unable to logout">
      <![CDATA[java.lang.AssertionError: Unable to logout
	at POM.LogOutModuleTest.LogoutTestCase(LogOutModuleTest.java:44)
Caused by: java.lang.NullPointerException
	at POM.Logout_Page.clickcontrol(Logout_Page.java:28)
	at POM.Logout_Page.logout(Logout_Page.java:68)
	at POM.LogOutModuleTest.LogoutTestCase(LogOutModuleTest.java:23)
	... 25 more
... Removed 26 stack frames]]>
    </failure>
  </testcase> <!-- LogoutTestCase -->
</testsuite> <!-- Testing all HiUp Modules -->
